<?xml version="1.0" encoding="utf-8"?>
<!DOCTYPE coverage SYSTEM "http://cobertura.sourceforge.net/xml/coverage-04.dtd">
<coverage line-rate="0.8082191780821918" branch-rate="0.6631578947368421" lines-covered="1062" lines-valid="1314" branches-covered="126" branches-valid="190" complexity="521" version="0" timestamp="1764455087">
  <sources>
    <source>/home/runner/work/bottle-tycoon-microservice/bottle-tycoon-microservice/src/GameService/</source>
    <source>/home/runner/work/bottle-tycoon-microservice/bottle-tycoon-microservice/src/HeadquartersService/</source>
    <source>/home/runner/work/bottle-tycoon-microservice/bottle-tycoon-microservice/src/</source>
  </sources>
  <packages>
    <package name="ApiGateway" line-rate="0.8545454545454545" branch-rate="0.6666666666666666" complexity="15">
      <classes>
        <class name="ApiGateway.Endpoints.HealthEndpoint" filename="/home/runner/work/bottle-tycoon-microservice/bottle-tycoon-microservice/src/ApiGateway/Endpoints/HealthEndpoint.cs" line-rate="0.8536585365853658" branch-rate="0.625" complexity="3">
          <methods>
            <method name="Configure" signature="()" line-rate="1" branch-rate="1" complexity="1">
              <lines>
                <line number="26" hits="8" branch="false" />
                <line number="27" hits="8" branch="false" />
                <line number="28" hits="8" branch="false" />
              </lines>
            </method>
            <method name=".ctor" signature="(System.Net.Http.IHttpClientFactory)" line-rate="1" branch-rate="1" complexity="1">
              <lines>
                <line number="19" hits="9" branch="false" />
                <line number="21" hits="9" branch="false" />
                <line number="22" hits="9" branch="false" />
              </lines>
            </method>
            <method name=".cctor" signature="()" line-rate="1" branch-rate="1" complexity="1">
              <lines>
                <line number="8" hits="1" branch="false" />
                <line number="9" hits="1" branch="false" />
                <line number="10" hits="1" branch="false" />
                <line number="11" hits="1" branch="false" />
                <line number="12" hits="1" branch="false" />
                <line number="13" hits="1" branch="false" />
                <line number="14" hits="1" branch="false" />
                <line number="15" hits="1" branch="false" />
              </lines>
            </method>
            <method name="HandleAsync" signature="()" line-rate="0.7777777777777778" branch-rate="0.625" complexity="NaN">
              <lines>
                <line number="32" hits="1" branch="false" />
                <line number="33" hits="1" branch="false" />
                <line number="35" hits="1" branch="false" />
                <line number="36" hits="1" branch="false" />
                <line number="38" hits="12" branch="true" condition-coverage="100% (2/2)" />
                <line number="42" hits="5" branch="false" />
                <line number="43" hits="5" branch="false" />
                <line number="44" hits="5" branch="true" condition-coverage="50% (1/2)" />
                <line number="46" hits="5" branch="false" />
                <line number="50" hits="0" branch="false" />
                <line number="51" hits="0" branch="false" />
                <line number="53" hits="5" branch="false" />
                <line number="54" hits="0" branch="false" />
                <line number="56" hits="0" branch="false" />
                <line number="57" hits="0" branch="false" />
                <line number="58" hits="0" branch="false" />
                <line number="59" hits="5" branch="false" />
                <line number="61" hits="1" branch="true" condition-coverage="50% (1/2)" />
                <line number="62" hits="1" branch="true" condition-coverage="50% (1/2)" />
                <line number="63" hits="1" branch="false" />
                <line number="65" hits="1" branch="false" />
                <line number="66" hits="1" branch="false" />
                <line number="67" hits="1" branch="false" />
                <line number="68" hits="1" branch="false" />
                <line number="69" hits="1" branch="false" />
                <line number="71" hits="1" branch="false" />
                <line number="72" hits="1" branch="false" />
              </lines>
            </method>
          </methods>
          <lines>
            <line number="8" hits="1" branch="false" />
            <line number="9" hits="1" branch="false" />
            <line number="10" hits="1" branch="false" />
            <line number="11" hits="1" branch="false" />
            <line number="12" hits="1" branch="false" />
            <line number="13" hits="1" branch="false" />
            <line number="14" hits="1" branch="false" />
            <line number="15" hits="1" branch="false" />
            <line number="19" hits="9" branch="false" />
            <line number="21" hits="9" branch="false" />
            <line number="22" hits="9" branch="false" />
            <line number="26" hits="8" branch="false" />
            <line number="27" hits="8" branch="false" />
            <line number="28" hits="8" branch="false" />
            <line number="32" hits="1" branch="false" />
            <line number="33" hits="1" branch="false" />
            <line number="35" hits="1" branch="false" />
            <line number="36" hits="1" branch="false" />
            <line number="38" hits="12" branch="true" condition-coverage="100% (2/2)" />
            <line number="42" hits="5" branch="false" />
            <line number="43" hits="5" branch="false" />
            <line number="44" hits="5" branch="true" condition-coverage="50% (1/2)" />
            <line number="46" hits="5" branch="false" />
            <line number="50" hits="0" branch="false" />
            <line number="51" hits="0" branch="false" />
            <line number="53" hits="5" branch="false" />
            <line number="54" hits="0" branch="false" />
            <line number="56" hits="0" branch="false" />
            <line number="57" hits="0" branch="false" />
            <line number="58" hits="0" branch="false" />
            <line number="59" hits="5" branch="false" />
            <line number="61" hits="1" branch="true" condition-coverage="50% (1/2)" />
            <line number="62" hits="1" branch="true" condition-coverage="50% (1/2)" />
            <line number="63" hits="1" branch="false" />
            <line number="65" hits="1" branch="false" />
            <line number="66" hits="1" branch="false" />
            <line number="67" hits="1" branch="false" />
            <line number="68" hits="1" branch="false" />
            <line number="69" hits="1" branch="false" />
            <line number="71" hits="1" branch="false" />
            <line number="72" hits="1" branch="false" />
          </lines>
        </class>
        <class name="Program" filename="/home/runner/work/bottle-tycoon-microservice/bottle-tycoon-microservice/src/ApiGateway/Program.cs" line-rate="0.855072463768116" branch-rate="0.75" complexity="4">
          <methods>
            <method name="&lt;Main&gt;$" signature="(System.String[])" line-rate="0.855072463768116" branch-rate="0.75" complexity="4">
              <lines>
                <line number="10" hits="8" branch="false" />
                <line number="12" hits="8" branch="false" />
                <line number="13" hits="8" branch="false" />
                <line number="14" hits="8" branch="false" />
                <line number="15" hits="8" branch="false" />
                <line number="16" hits="8" branch="false" />
                <line number="17" hits="8" branch="false" />
                <line number="20" hits="8" branch="false" />
                <line number="21" hits="8" branch="false" />
                <line number="22" hits="8" branch="false" />
                <line number="24" hits="8" branch="false" />
                <line number="27" hits="24" branch="false" />
                <line number="28" hits="8" branch="false" />
                <line number="29" hits="8" branch="false" />
                <line number="30" hits="8" branch="false" />
                <line number="33" hits="8" branch="false" />
                <line number="34" hits="8" branch="false" />
                <line number="35" hits="8" branch="false" />
                <line number="36" hits="8" branch="false" />
                <line number="37" hits="8" branch="false" />
                <line number="38" hits="8" branch="false" />
                <line number="41" hits="8" branch="false" />
                <line number="44" hits="8" branch="false" />
                <line number="45" hits="8" branch="false" />
                <line number="48" hits="8" branch="false" />
                <line number="49" hits="16" branch="true" condition-coverage="50% (1/2)" />
                <line number="50" hits="16" branch="false" />
                <line number="51" hits="16" branch="false" />
                <line number="52" hits="8" branch="false" />
                <line number="53" hits="8" branch="false" />
                <line number="54" hits="8" branch="false" />
                <line number="55" hits="8" branch="false" />
                <line number="56" hits="16" branch="false" />
                <line number="57" hits="16" branch="false" />
                <line number="58" hits="16" branch="false" />
                <line number="59" hits="16" branch="false" />
                <line number="62" hits="8" branch="false" />
                <line number="64" hits="8" branch="false" />
                <line number="65" hits="8" branch="true" condition-coverage="100% (2/2)" />
                <line number="67" hits="8" branch="false" />
                <line number="68" hits="8" branch="false" />
                <line number="69" hits="8" branch="false" />
                <line number="70" hits="8" branch="false" />
                <line number="71" hits="0" branch="false" />
                <line number="72" hits="0" branch="false" />
                <line number="73" hits="0" branch="false" />
                <line number="74" hits="0" branch="false" />
                <line number="75" hits="0" branch="false" />
                <line number="76" hits="0" branch="false" />
                <line number="77" hits="0" branch="false" />
                <line number="78" hits="8" branch="false" />
                <line number="83" hits="8" branch="false" />
                <line number="85" hits="8" branch="false" />
                <line number="86" hits="8" branch="false" />
                <line number="88" hits="8" branch="false" />
                <line number="89" hits="8" branch="false" />
                <line number="92" hits="8" branch="false" />
                <line number="95" hits="8" branch="false" />
                <line number="96" hits="8" branch="false" />
                <line number="99" hits="8" branch="false" />
                <line number="101" hits="8" branch="false" />
                <line number="103" hits="8" branch="false" />
                <line number="104" hits="8" branch="false" />
                <line number="105" hits="7" branch="false" />
                <line number="106" hits="0" branch="false" />
                <line number="108" hits="0" branch="false" />
                <line number="109" hits="0" branch="false" />
                <line number="112" hits="7" branch="false" />
                <line number="113" hits="7" branch="false" />
              </lines>
            </method>
          </methods>
          <lines>
            <line number="10" hits="8" branch="false" />
            <line number="12" hits="8" branch="false" />
            <line number="13" hits="8" branch="false" />
            <line number="14" hits="8" branch="false" />
            <line number="15" hits="8" branch="false" />
            <line number="16" hits="8" branch="false" />
            <line number="17" hits="8" branch="false" />
            <line number="20" hits="8" branch="false" />
            <line number="21" hits="8" branch="false" />
            <line number="22" hits="8" branch="false" />
            <line number="24" hits="8" branch="false" />
            <line number="27" hits="24" branch="false" />
            <line number="28" hits="8" branch="false" />
            <line number="29" hits="8" branch="false" />
            <line number="30" hits="8" branch="false" />
            <line number="33" hits="8" branch="false" />
            <line number="34" hits="8" branch="false" />
            <line number="35" hits="8" branch="false" />
            <line number="36" hits="8" branch="false" />
            <line number="37" hits="8" branch="false" />
            <line number="38" hits="8" branch="false" />
            <line number="41" hits="8" branch="false" />
            <line number="44" hits="8" branch="false" />
            <line number="45" hits="8" branch="false" />
            <line number="48" hits="8" branch="false" />
            <line number="49" hits="16" branch="true" condition-coverage="50% (1/2)" />
            <line number="50" hits="16" branch="false" />
            <line number="51" hits="16" branch="false" />
            <line number="52" hits="8" branch="false" />
            <line number="53" hits="8" branch="false" />
            <line number="54" hits="8" branch="false" />
            <line number="55" hits="8" branch="false" />
            <line number="56" hits="16" branch="false" />
            <line number="57" hits="16" branch="false" />
            <line number="58" hits="16" branch="false" />
            <line number="59" hits="16" branch="false" />
            <line number="62" hits="8" branch="false" />
            <line number="64" hits="8" branch="false" />
            <line number="65" hits="8" branch="true" condition-coverage="100% (2/2)" />
            <line number="67" hits="8" branch="false" />
            <line number="68" hits="8" branch="false" />
            <line number="69" hits="8" branch="false" />
            <line number="70" hits="8" branch="false" />
            <line number="71" hits="0" branch="false" />
            <line number="72" hits="0" branch="false" />
            <line number="73" hits="0" branch="false" />
            <line number="74" hits="0" branch="false" />
            <line number="75" hits="0" branch="false" />
            <line number="76" hits="0" branch="false" />
            <line number="77" hits="0" branch="false" />
            <line number="78" hits="8" branch="false" />
            <line number="83" hits="8" branch="false" />
            <line number="85" hits="8" branch="false" />
            <line number="86" hits="8" branch="false" />
            <line number="88" hits="8" branch="false" />
            <line number="89" hits="8" branch="false" />
            <line number="92" hits="8" branch="false" />
            <line number="95" hits="8" branch="false" />
            <line number="96" hits="8" branch="false" />
            <line number="99" hits="8" branch="false" />
            <line number="101" hits="8" branch="false" />
            <line number="103" hits="8" branch="false" />
            <line number="104" hits="8" branch="false" />
            <line number="105" hits="7" branch="false" />
            <line number="106" hits="0" branch="false" />
            <line number="108" hits="0" branch="false" />
            <line number="109" hits="0" branch="false" />
            <line number="112" hits="7" branch="false" />
            <line number="113" hits="7" branch="false" />
          </lines>
        </class>
      </classes>
    </package>
    <package name="GameService" line-rate="0.842911877394636" branch-rate="0.782051282051282" complexity="125">
      <classes>
        <class name="GameService.Consumers.CreditsCreditedConsumer" filename="/home/runner/work/bottle-tycoon-microservice/bottle-tycoon-microservice/src/GameService/Consumers/CreditsCreditedConsumer.cs" line-rate="1" branch-rate="1" complexity="1">
          <methods>
            <method name=".ctor" signature="(GameService.Services.IPlayerService,Microsoft.Extensions.Logging.ILogger`1&lt;GameService.Consumers.CreditsCreditedConsumer&gt;)" line-rate="1" branch-rate="1" complexity="1">
              <lines>
                <line number="12" hits="2" branch="false" />
                <line number="14" hits="2" branch="false" />
                <line number="15" hits="2" branch="false" />
                <line number="16" hits="2" branch="false" />
              </lines>
            </method>
            <method name="Consume" signature="()" line-rate="1" branch-rate="1" complexity="NaN">
              <lines>
                <line number="20" hits="2" branch="false" />
                <line number="21" hits="2" branch="false" />
                <line number="22" hits="2" branch="false" />
                <line number="24" hits="2" branch="false" />
                <line number="25" hits="2" branch="true" condition-coverage="100% (2/2)" />
                <line number="27" hits="1" branch="false" />
                <line number="28" hits="1" branch="false" />
                <line number="30" hits="1" branch="false" />
              </lines>
            </method>
          </methods>
          <lines>
            <line number="12" hits="2" branch="false" />
            <line number="14" hits="2" branch="false" />
            <line number="15" hits="2" branch="false" />
            <line number="16" hits="2" branch="false" />
            <line number="20" hits="2" branch="false" />
            <line number="21" hits="2" branch="false" />
            <line number="22" hits="2" branch="false" />
            <line number="24" hits="2" branch="false" />
            <line number="25" hits="2" branch="true" condition-coverage="100% (2/2)" />
            <line number="27" hits="1" branch="false" />
            <line number="28" hits="1" branch="false" />
            <line number="30" hits="1" branch="false" />
          </lines>
        </class>
        <class name="GameService.Consumers.DeliveryCompletedConsumer" filename="/home/runner/work/bottle-tycoon-microservice/bottle-tycoon-microservice/src/GameService/Consumers/DeliveryCompletedConsumer.cs" line-rate="1" branch-rate="1" complexity="1">
          <methods>
            <method name=".ctor" signature="(GameService.Services.IPlayerService,Microsoft.Extensions.Logging.ILogger`1&lt;GameService.Consumers.DeliveryCompletedConsumer&gt;)" line-rate="1" branch-rate="1" complexity="1">
              <lines>
                <line number="14" hits="3" branch="false" />
                <line number="16" hits="3" branch="false" />
                <line number="17" hits="3" branch="false" />
                <line number="18" hits="3" branch="false" />
              </lines>
            </method>
            <method name="Consume" signature="()" line-rate="1" branch-rate="1" complexity="NaN">
              <lines>
                <line number="22" hits="3" branch="false" />
                <line number="23" hits="3" branch="false" />
                <line number="26" hits="3" branch="true" condition-coverage="100% (2/2)" />
                <line number="28" hits="1" branch="false" />
                <line number="29" hits="1" branch="false" />
                <line number="32" hits="2" branch="false" />
                <line number="33" hits="2" branch="true" condition-coverage="100% (2/2)" />
                <line number="35" hits="1" branch="false" />
                <line number="36" hits="1" branch="false" />
                <line number="38" hits="2" branch="false" />
              </lines>
            </method>
          </methods>
          <lines>
            <line number="14" hits="3" branch="false" />
            <line number="16" hits="3" branch="false" />
            <line number="17" hits="3" branch="false" />
            <line number="18" hits="3" branch="false" />
            <line number="22" hits="3" branch="false" />
            <line number="23" hits="3" branch="false" />
            <line number="26" hits="3" branch="true" condition-coverage="100% (2/2)" />
            <line number="28" hits="1" branch="false" />
            <line number="29" hits="1" branch="false" />
            <line number="32" hits="2" branch="false" />
            <line number="33" hits="2" branch="true" condition-coverage="100% (2/2)" />
            <line number="35" hits="1" branch="false" />
            <line number="36" hits="1" branch="false" />
            <line number="38" hits="2" branch="false" />
          </lines>
        </class>
        <class name="GameService.Data.DesignTimeDbContextFactory" filename="/home/runner/work/bottle-tycoon-microservice/bottle-tycoon-microservice/src/GameService/Data/DesignTimeDbContextFactory.cs" line-rate="0" branch-rate="0" complexity="2">
          <methods>
            <method name="CreateDbContext" signature="(System.String[])" line-rate="0" branch-rate="0" complexity="2">
              <lines>
                <line number="10" hits="0" branch="false" />
                <line number="12" hits="0" branch="false" />
                <line number="13" hits="0" branch="false" />
                <line number="14" hits="0" branch="false" />
                <line number="15" hits="0" branch="false" />
                <line number="16" hits="0" branch="false" />
                <line number="18" hits="0" branch="true" condition-coverage="0% (0/2)" />
                <line number="19" hits="0" branch="false" />
                <line number="21" hits="0" branch="false" />
                <line number="22" hits="0" branch="false" />
                <line number="24" hits="0" branch="false" />
              </lines>
            </method>
          </methods>
          <lines>
            <line number="10" hits="0" branch="false" />
            <line number="12" hits="0" branch="false" />
            <line number="13" hits="0" branch="false" />
            <line number="14" hits="0" branch="false" />
            <line number="15" hits="0" branch="false" />
            <line number="16" hits="0" branch="false" />
            <line number="18" hits="0" branch="true" condition-coverage="0% (0/2)" />
            <line number="19" hits="0" branch="false" />
            <line number="21" hits="0" branch="false" />
            <line number="22" hits="0" branch="false" />
            <line number="24" hits="0" branch="false" />
          </lines>
        </class>
        <class name="GameService.Data.GameDbContext" filename="/home/runner/work/bottle-tycoon-microservice/bottle-tycoon-microservice/src/GameService/Data/GameDbContext.cs" line-rate="1" branch-rate="1" complexity="24">
          <methods>
            <method name="get_Players" signature="()" line-rate="1" branch-rate="1" complexity="1">
              <lines>
                <line number="13" hits="90" branch="false" />
              </lines>
            </method>
            <method name="get_Purchases" signature="()" line-rate="1" branch-rate="1" complexity="1">
              <lines>
                <line number="14" hits="50" branch="false" />
              </lines>
            </method>
            <method name="get_Upgrades" signature="()" line-rate="1" branch-rate="1" complexity="1">
              <lines>
                <line number="15" hits="50" branch="false" />
              </lines>
            </method>
            <method name="OnConfiguring" signature="(Microsoft.EntityFrameworkCore.DbContextOptionsBuilder)" line-rate="1" branch-rate="1" complexity="1">
              <lines>
                <line number="19" hits="39" branch="false" />
                <line number="20" hits="78" branch="false" />
                <line number="21" hits="39" branch="false" />
              </lines>
            </method>
            <method name="OnModelCreating" signature="(Microsoft.EntityFrameworkCore.ModelBuilder)" line-rate="1" branch-rate="1" complexity="1">
              <lines>
                <line number="25" hits="2" branch="false" />
                <line number="26" hits="2" branch="false" />
                <line number="27" hits="2" branch="false" />
                <line number="28" hits="2" branch="false" />
                <line number="29" hits="2" branch="false" />
                <line number="30" hits="4" branch="false" />
                <line number="32" hits="2" branch="false" />
                <line number="33" hits="2" branch="false" />
                <line number="34" hits="2" branch="false" />
                <line number="35" hits="2" branch="false" />
                <line number="36" hits="2" branch="false" />
                <line number="37" hits="2" branch="false" />
                <line number="38" hits="4" branch="false" />
                <line number="40" hits="2" branch="false" />
                <line number="41" hits="2" branch="false" />
                <line number="42" hits="2" branch="false" />
                <line number="43" hits="2" branch="false" />
                <line number="44" hits="2" branch="false" />
                <line number="45" hits="4" branch="false" />
                <line number="47" hits="2" branch="false" />
                <line number="48" hits="2" branch="false" />
              </lines>
            </method>
            <method name="ApplyLowercaseNamingConvention" signature="(Microsoft.EntityFrameworkCore.ModelBuilder)" line-rate="1" branch-rate="1" complexity="18">
              <lines>
                <line number="52" hits="16" branch="true" condition-coverage="100% (2/2)" />
                <line number="54" hits="6" branch="false" />
                <line number="55" hits="6" branch="true" condition-coverage="100% (2/2)" />
                <line number="57" hits="6" branch="false" />
                <line number="60" hits="80" branch="true" condition-coverage="100% (2/2)" />
                <line number="62" hits="34" branch="false" />
                <line number="65" hits="24" branch="true" condition-coverage="100% (2/2)" />
                <line number="67" hits="6" branch="true" condition-coverage="100% (2/2)" />
                <line number="69" hits="6" branch="false" />
                <line number="73" hits="16" branch="true" condition-coverage="100% (2/2)" />
                <line number="75" hits="2" branch="true" condition-coverage="100% (2/2)" />
                <line number="77" hits="2" branch="false" />
                <line number="81" hits="20" branch="true" condition-coverage="100% (2/2)" />
                <line number="83" hits="4" branch="true" condition-coverage="100% (2/2)" />
                <line number="85" hits="4" branch="false" />
                <line number="89" hits="2" branch="false" />
              </lines>
            </method>
            <method name=".ctor" signature="(Microsoft.EntityFrameworkCore.DbContextOptions`1&lt;GameService.Data.GameDbContext&gt;)" line-rate="1" branch-rate="1" complexity="1">
              <lines>
                <line number="9" hits="50" branch="false" />
                <line number="11" hits="50" branch="false" />
              </lines>
            </method>
          </methods>
          <lines>
            <line number="9" hits="50" branch="false" />
            <line number="11" hits="50" branch="false" />
            <line number="13" hits="90" branch="false" />
            <line number="14" hits="50" branch="false" />
            <line number="15" hits="50" branch="false" />
            <line number="19" hits="39" branch="false" />
            <line number="20" hits="78" branch="false" />
            <line number="21" hits="39" branch="false" />
            <line number="25" hits="2" branch="false" />
            <line number="26" hits="2" branch="false" />
            <line number="27" hits="2" branch="false" />
            <line number="28" hits="2" branch="false" />
            <line number="29" hits="2" branch="false" />
            <line number="30" hits="4" branch="false" />
            <line number="32" hits="2" branch="false" />
            <line number="33" hits="2" branch="false" />
            <line number="34" hits="2" branch="false" />
            <line number="35" hits="2" branch="false" />
            <line number="36" hits="2" branch="false" />
            <line number="37" hits="2" branch="false" />
            <line number="38" hits="4" branch="false" />
            <line number="40" hits="2" branch="false" />
            <line number="41" hits="2" branch="false" />
            <line number="42" hits="2" branch="false" />
            <line number="43" hits="2" branch="false" />
            <line number="44" hits="2" branch="false" />
            <line number="45" hits="4" branch="false" />
            <line number="47" hits="2" branch="false" />
            <line number="48" hits="2" branch="false" />
            <line number="52" hits="16" branch="true" condition-coverage="100% (2/2)" />
            <line number="54" hits="6" branch="false" />
            <line number="55" hits="6" branch="true" condition-coverage="100% (2/2)" />
            <line number="57" hits="6" branch="false" />
            <line number="60" hits="80" branch="true" condition-coverage="100% (2/2)" />
            <line number="62" hits="34" branch="false" />
            <line number="65" hits="24" branch="true" condition-coverage="100% (2/2)" />
            <line number="67" hits="6" branch="true" condition-coverage="100% (2/2)" />
            <line number="69" hits="6" branch="false" />
            <line number="73" hits="16" branch="true" condition-coverage="100% (2/2)" />
            <line number="75" hits="2" branch="true" condition-coverage="100% (2/2)" />
            <line number="77" hits="2" branch="false" />
            <line number="81" hits="20" branch="true" condition-coverage="100% (2/2)" />
            <line number="83" hits="4" branch="true" condition-coverage="100% (2/2)" />
            <line number="85" hits="4" branch="false" />
            <line number="89" hits="2" branch="false" />
          </lines>
        </class>
        <class name="GameService.Endpoints.CreatePlayerEndpoint" filename="/home/runner/work/bottle-tycoon-microservice/bottle-tycoon-microservice/src/GameService/Endpoints/CreatePlayerEndpoint.cs" line-rate="1" branch-rate="1" complexity="2">
          <methods>
            <method name="Configure" signature="()" line-rate="1" branch-rate="1" complexity="1">
              <lines>
                <line number="18" hits="7" branch="false" />
                <line number="19" hits="7" branch="false" />
                <line number="20" hits="7" branch="false" />
              </lines>
            </method>
            <method name=".ctor" signature="(GameService.Services.IPlayerService)" line-rate="1" branch-rate="1" complexity="1">
              <lines>
                <line number="11" hits="18" branch="false" />
                <line number="13" hits="18" branch="false" />
                <line number="14" hits="18" branch="false" />
              </lines>
            </method>
            <method name="HandleAsync" signature="()" line-rate="1" branch-rate="1" complexity="NaN">
              <lines>
                <line number="24" hits="11" branch="false" />
                <line number="25" hits="11" branch="false" />
                <line number="26" hits="11" branch="false" />
                <line number="27" hits="11" branch="false" />
              </lines>
            </method>
          </methods>
          <lines>
            <line number="11" hits="18" branch="false" />
            <line number="13" hits="18" branch="false" />
            <line number="14" hits="18" branch="false" />
            <line number="18" hits="7" branch="false" />
            <line number="19" hits="7" branch="false" />
            <line number="20" hits="7" branch="false" />
            <line number="24" hits="11" branch="false" />
            <line number="25" hits="11" branch="false" />
            <line number="26" hits="11" branch="false" />
            <line number="27" hits="11" branch="false" />
          </lines>
        </class>
        <class name="GameService.Endpoints.CreditCreditsEndpoint" filename="/home/runner/work/bottle-tycoon-microservice/bottle-tycoon-microservice/src/GameService/Endpoints/CreditCreditsEndpoint.cs" line-rate="0.8387096774193549" branch-rate="0.6666666666666666" complexity="2">
          <methods>
            <method name="Configure" signature="()" line-rate="1" branch-rate="1" complexity="1">
              <lines>
                <line number="24" hits="7" branch="false" />
                <line number="25" hits="7" branch="false" />
                <line number="26" hits="7" branch="false" />
              </lines>
            </method>
            <method name=".ctor" signature="(GameService.Services.IPlayerService)" line-rate="1" branch-rate="1" complexity="1">
              <lines>
                <line number="17" hits="13" branch="false" />
                <line number="19" hits="13" branch="false" />
                <line number="20" hits="13" branch="false" />
              </lines>
            </method>
            <method name="HandleAsync" signature="()" line-rate="0.8" branch-rate="0.6666666666666666" complexity="NaN">
              <lines>
                <line number="32" hits="6" branch="true" condition-coverage="50% (2/4)" />
                <line number="34" hits="0" branch="false" />
                <line number="35" hits="0" branch="false" />
                <line number="36" hits="0" branch="true" condition-coverage="0% (0/2)" />
                <line number="37" hits="0" branch="false" />
                <line number="38" hits="0" branch="false" />
                <line number="41" hits="6" branch="true" condition-coverage="100% (2/2)" />
                <line number="43" hits="2" branch="false" />
                <line number="44" hits="2" branch="true" condition-coverage="100% (2/2)" />
                <line number="46" hits="2" branch="false" />
                <line number="47" hits="2" branch="false" />
                <line number="48" hits="8" branch="true" condition-coverage="50% (1/2)" />
                <line number="49" hits="2" branch="false" />
                <line number="52" hits="2" branch="false" />
                <line number="55" hits="4" branch="false" />
                <line number="56" hits="4" branch="true" condition-coverage="100% (2/2)" />
                <line number="58" hits="1" branch="false" />
                <line number="59" hits="1" branch="true" condition-coverage="100% (2/2)" />
                <line number="61" hits="1" branch="false" />
                <line number="62" hits="1" branch="false" />
                <line number="63" hits="4" branch="true" condition-coverage="50% (1/2)" />
                <line number="64" hits="1" branch="false" />
                <line number="67" hits="1" branch="false" />
                <line number="70" hits="3" branch="false" />
                <line number="71" hits="6" branch="false" />
              </lines>
            </method>
          </methods>
          <lines>
            <line number="17" hits="13" branch="false" />
            <line number="19" hits="13" branch="false" />
            <line number="20" hits="13" branch="false" />
            <line number="24" hits="7" branch="false" />
            <line number="25" hits="7" branch="false" />
            <line number="26" hits="7" branch="false" />
            <line number="32" hits="6" branch="true" condition-coverage="50% (2/4)" />
            <line number="34" hits="0" branch="false" />
            <line number="35" hits="0" branch="false" />
            <line number="36" hits="0" branch="true" condition-coverage="0% (0/2)" />
            <line number="37" hits="0" branch="false" />
            <line number="38" hits="0" branch="false" />
            <line number="41" hits="6" branch="true" condition-coverage="100% (2/2)" />
            <line number="43" hits="2" branch="false" />
            <line number="44" hits="2" branch="true" condition-coverage="100% (2/2)" />
            <line number="46" hits="2" branch="false" />
            <line number="47" hits="2" branch="false" />
            <line number="48" hits="8" branch="true" condition-coverage="50% (1/2)" />
            <line number="49" hits="2" branch="false" />
            <line number="52" hits="2" branch="false" />
            <line number="55" hits="4" branch="false" />
            <line number="56" hits="4" branch="true" condition-coverage="100% (2/2)" />
            <line number="58" hits="1" branch="false" />
            <line number="59" hits="1" branch="true" condition-coverage="100% (2/2)" />
            <line number="61" hits="1" branch="false" />
            <line number="62" hits="1" branch="false" />
            <line number="63" hits="4" branch="true" condition-coverage="50% (1/2)" />
            <line number="64" hits="1" branch="false" />
            <line number="67" hits="1" branch="false" />
            <line number="70" hits="3" branch="false" />
            <line number="71" hits="6" branch="false" />
          </lines>
        </class>
        <class name="GameService.Endpoints.CreditCreditsRequest" filename="/home/runner/work/bottle-tycoon-microservice/bottle-tycoon-microservice/src/GameService/Endpoints/CreditCreditsEndpoint.cs" line-rate="1" branch-rate="1" complexity="3">
          <methods>
            <method name="get_PlayerId" signature="()" line-rate="1" branch-rate="1" complexity="1">
              <lines>
                <line number="8" hits="10" branch="false" />
              </lines>
            </method>
            <method name="get_Amount" signature="()" line-rate="1" branch-rate="1" complexity="1">
              <lines>
                <line number="9" hits="16" branch="false" />
              </lines>
            </method>
            <method name="get_Reason" signature="()" line-rate="1" branch-rate="1" complexity="1">
              <lines>
                <line number="10" hits="16" branch="false" />
              </lines>
            </method>
          </methods>
          <lines>
            <line number="8" hits="10" branch="false" />
            <line number="9" hits="16" branch="false" />
            <line number="10" hits="16" branch="false" />
          </lines>
        </class>
        <class name="GameService.Endpoints.DebitCreditsEndpoint" filename="/home/runner/work/bottle-tycoon-microservice/bottle-tycoon-microservice/src/GameService/Endpoints/DebitCreditsEndpoint.cs" line-rate="0.8387096774193549" branch-rate="0.6666666666666666" complexity="2">
          <methods>
            <method name="Configure" signature="()" line-rate="1" branch-rate="1" complexity="1">
              <lines>
                <line number="24" hits="7" branch="false" />
                <line number="25" hits="7" branch="false" />
                <line number="26" hits="7" branch="false" />
              </lines>
            </method>
            <method name=".ctor" signature="(GameService.Services.IPlayerService)" line-rate="1" branch-rate="1" complexity="1">
              <lines>
                <line number="17" hits="14" branch="false" />
                <line number="19" hits="14" branch="false" />
                <line number="20" hits="14" branch="false" />
              </lines>
            </method>
            <method name="HandleAsync" signature="()" line-rate="0.8" branch-rate="0.6666666666666666" complexity="NaN">
              <lines>
                <line number="32" hits="7" branch="true" condition-coverage="50% (2/4)" />
                <line number="34" hits="0" branch="false" />
                <line number="35" hits="0" branch="false" />
                <line number="36" hits="0" branch="true" condition-coverage="0% (0/2)" />
                <line number="37" hits="0" branch="false" />
                <line number="38" hits="0" branch="false" />
                <line number="41" hits="7" branch="true" condition-coverage="100% (2/2)" />
                <line number="43" hits="2" branch="false" />
                <line number="44" hits="2" branch="true" condition-coverage="100% (2/2)" />
                <line number="46" hits="2" branch="false" />
                <line number="47" hits="2" branch="false" />
                <line number="48" hits="8" branch="true" condition-coverage="50% (1/2)" />
                <line number="49" hits="2" branch="false" />
                <line number="52" hits="2" branch="false" />
                <line number="55" hits="5" branch="false" />
                <line number="56" hits="5" branch="true" condition-coverage="100% (2/2)" />
                <line number="58" hits="2" branch="false" />
                <line number="59" hits="2" branch="true" condition-coverage="100% (2/2)" />
                <line number="61" hits="2" branch="false" />
                <line number="62" hits="2" branch="false" />
                <line number="63" hits="8" branch="true" condition-coverage="50% (1/2)" />
                <line number="64" hits="2" branch="false" />
                <line number="67" hits="2" branch="false" />
                <line number="70" hits="3" branch="false" />
                <line number="71" hits="7" branch="false" />
              </lines>
            </method>
          </methods>
          <lines>
            <line number="17" hits="14" branch="false" />
            <line number="19" hits="14" branch="false" />
            <line number="20" hits="14" branch="false" />
            <line number="24" hits="7" branch="false" />
            <line number="25" hits="7" branch="false" />
            <line number="26" hits="7" branch="false" />
            <line number="32" hits="7" branch="true" condition-coverage="50% (2/4)" />
            <line number="34" hits="0" branch="false" />
            <line number="35" hits="0" branch="false" />
            <line number="36" hits="0" branch="true" condition-coverage="0% (0/2)" />
            <line number="37" hits="0" branch="false" />
            <line number="38" hits="0" branch="false" />
            <line number="41" hits="7" branch="true" condition-coverage="100% (2/2)" />
            <line number="43" hits="2" branch="false" />
            <line number="44" hits="2" branch="true" condition-coverage="100% (2/2)" />
            <line number="46" hits="2" branch="false" />
            <line number="47" hits="2" branch="false" />
            <line number="48" hits="8" branch="true" condition-coverage="50% (1/2)" />
            <line number="49" hits="2" branch="false" />
            <line number="52" hits="2" branch="false" />
            <line number="55" hits="5" branch="false" />
            <line number="56" hits="5" branch="true" condition-coverage="100% (2/2)" />
            <line number="58" hits="2" branch="false" />
            <line number="59" hits="2" branch="true" condition-coverage="100% (2/2)" />
            <line number="61" hits="2" branch="false" />
            <line number="62" hits="2" branch="false" />
            <line number="63" hits="8" branch="true" condition-coverage="50% (1/2)" />
            <line number="64" hits="2" branch="false" />
            <line number="67" hits="2" branch="false" />
            <line number="70" hits="3" branch="false" />
            <line number="71" hits="7" branch="false" />
          </lines>
        </class>
        <class name="GameService.Endpoints.DebitCreditsRequest" filename="/home/runner/work/bottle-tycoon-microservice/bottle-tycoon-microservice/src/GameService/Endpoints/DebitCreditsEndpoint.cs" line-rate="1" branch-rate="1" complexity="3">
          <methods>
            <method name="get_PlayerId" signature="()" line-rate="1" branch-rate="1" complexity="1">
              <lines>
                <line number="8" hits="12" branch="false" />
              </lines>
            </method>
            <method name="get_Amount" signature="()" line-rate="1" branch-rate="1" complexity="1">
              <lines>
                <line number="9" hits="19" branch="false" />
              </lines>
            </method>
            <method name="get_Reason" signature="()" line-rate="1" branch-rate="1" complexity="1">
              <lines>
                <line number="10" hits="19" branch="false" />
              </lines>
            </method>
          </methods>
          <lines>
            <line number="8" hits="12" branch="false" />
            <line number="9" hits="19" branch="false" />
            <line number="10" hits="19" branch="false" />
          </lines>
        </class>
        <class name="GameService.Endpoints.GetAllPlayersEndpoint" filename="/home/runner/work/bottle-tycoon-microservice/bottle-tycoon-microservice/src/GameService/Endpoints/GetAllPlayersEndpoint.cs" line-rate="1" branch-rate="1" complexity="2">
          <methods>
            <method name="Configure" signature="()" line-rate="1" branch-rate="1" complexity="1">
              <lines>
                <line number="18" hits="7" branch="false" />
                <line number="19" hits="7" branch="false" />
                <line number="20" hits="7" branch="false" />
              </lines>
            </method>
            <method name=".ctor" signature="(GameService.Services.IPlayerService)" line-rate="1" branch-rate="1" complexity="1">
              <lines>
                <line number="11" hits="9" branch="false" />
                <line number="13" hits="9" branch="false" />
                <line number="14" hits="9" branch="false" />
              </lines>
            </method>
            <method name="HandleAsync" signature="()" line-rate="1" branch-rate="1" complexity="NaN">
              <lines>
                <line number="24" hits="2" branch="false" />
                <line number="25" hits="2" branch="false" />
                <line number="26" hits="2" branch="false" />
              </lines>
            </method>
          </methods>
          <lines>
            <line number="11" hits="9" branch="false" />
            <line number="13" hits="9" branch="false" />
            <line number="14" hits="9" branch="false" />
            <line number="18" hits="7" branch="false" />
            <line number="19" hits="7" branch="false" />
            <line number="20" hits="7" branch="false" />
            <line number="24" hits="2" branch="false" />
            <line number="25" hits="2" branch="false" />
            <line number="26" hits="2" branch="false" />
          </lines>
        </class>
        <class name="GameService.Endpoints.GetPlayerEndpoint" filename="/home/runner/work/bottle-tycoon-microservice/bottle-tycoon-microservice/src/GameService/Endpoints/GetPlayerEndpoint.cs" line-rate="0.9230769230769231" branch-rate="1" complexity="2">
          <methods>
            <method name="Configure" signature="()" line-rate="1" branch-rate="1" complexity="1">
              <lines>
                <line number="18" hits="7" branch="false" />
                <line number="19" hits="7" branch="false" />
                <line number="20" hits="7" branch="false" />
              </lines>
            </method>
            <method name=".ctor" signature="(GameService.Services.IPlayerService)" line-rate="1" branch-rate="1" complexity="1">
              <lines>
                <line number="11" hits="12" branch="false" />
                <line number="13" hits="12" branch="false" />
                <line number="14" hits="12" branch="false" />
              </lines>
            </method>
            <method name="HandleAsync" signature="()" line-rate="0.8571428571428571" branch-rate="1" complexity="NaN">
              <lines>
                <line number="24" hits="5" branch="false" />
                <line number="25" hits="5" branch="false" />
                <line number="27" hits="5" branch="true" condition-coverage="100% (2/2)" />
                <line number="29" hits="1" branch="false" />
                <line number="30" hits="0" branch="false" />
                <line number="33" hits="4" branch="false" />
                <line number="34" hits="4" branch="false" />
              </lines>
            </method>
          </methods>
          <lines>
            <line number="11" hits="12" branch="false" />
            <line number="13" hits="12" branch="false" />
            <line number="14" hits="12" branch="false" />
            <line number="18" hits="7" branch="false" />
            <line number="19" hits="7" branch="false" />
            <line number="20" hits="7" branch="false" />
            <line number="24" hits="5" branch="false" />
            <line number="25" hits="5" branch="false" />
            <line number="27" hits="5" branch="true" condition-coverage="100% (2/2)" />
            <line number="29" hits="1" branch="false" />
            <line number="30" hits="0" branch="false" />
            <line number="33" hits="4" branch="false" />
            <line number="34" hits="4" branch="false" />
          </lines>
        </class>
        <class name="GameService.Endpoints.HealthEndpoint" filename="/home/runner/work/bottle-tycoon-microservice/bottle-tycoon-microservice/src/GameService/Endpoints/HealthEndpoint.cs" line-rate="0.9411764705882353" branch-rate="0.5" complexity="3">
          <methods>
            <method name="Configure" signature="()" line-rate="1" branch-rate="1" complexity="1">
              <lines>
                <line number="17" hits="7" branch="false" />
                <line number="18" hits="7" branch="false" />
                <line number="19" hits="7" branch="false" />
              </lines>
            </method>
            <method name=".ctor" signature="(Microsoft.Extensions.Diagnostics.HealthChecks.HealthCheckService)" line-rate="1" branch-rate="1" complexity="1">
              <lines>
                <line number="10" hits="8" branch="false" />
                <line number="12" hits="8" branch="false" />
                <line number="13" hits="8" branch="false" />
              </lines>
            </method>
            <method name="get_Status" signature="()" line-rate="1" branch-rate="1" complexity="1">
              <lines>
                <line number="35" hits="3" branch="false" />
              </lines>
            </method>
            <method name="HandleAsync" signature="()" line-rate="0.9" branch-rate="0.5" complexity="NaN">
              <lines>
                <line number="23" hits="1" branch="false" />
                <line number="24" hits="1" branch="false" />
                <line number="25" hits="1" branch="false" />
                <line number="26" hits="0" branch="false" />
                <line number="27" hits="1" branch="false" />
                <line number="29" hits="1" branch="true" condition-coverage="50% (1/2)" />
                <line number="30" hits="1" branch="false" />
                <line number="31" hits="1" branch="false" />
                <line number="32" hits="1" branch="false" />
                <line number="33" hits="1" branch="false" />
              </lines>
            </method>
          </methods>
          <lines>
            <line number="10" hits="8" branch="false" />
            <line number="12" hits="8" branch="false" />
            <line number="13" hits="8" branch="false" />
            <line number="17" hits="7" branch="false" />
            <line number="18" hits="7" branch="false" />
            <line number="19" hits="7" branch="false" />
            <line number="23" hits="1" branch="false" />
            <line number="24" hits="1" branch="false" />
            <line number="25" hits="1" branch="false" />
            <line number="26" hits="0" branch="false" />
            <line number="27" hits="1" branch="false" />
            <line number="29" hits="1" branch="true" condition-coverage="50% (1/2)" />
            <line number="30" hits="1" branch="false" />
            <line number="31" hits="1" branch="false" />
            <line number="32" hits="1" branch="false" />
            <line number="33" hits="1" branch="false" />
            <line number="35" hits="3" branch="false" />
          </lines>
        </class>
        <class name="GameService.Events.CreditsCredited" filename="/home/runner/work/bottle-tycoon-microservice/bottle-tycoon-microservice/src/GameService/Events/CreditsCredited.cs" line-rate="1" branch-rate="1" complexity="1">
          <methods>
            <method name="get_PlayerId" signature="()" line-rate="1" branch-rate="1" complexity="1">
              <lines>
                <line number="3" hits="22" branch="false" />
              </lines>
            </method>
          </methods>
          <lines>
            <line number="3" hits="22" branch="false" />
          </lines>
        </class>
        <class name="GameService.Events.DeliveryCompleted" filename="/home/runner/work/bottle-tycoon-microservice/bottle-tycoon-microservice/src/GameService/Events/DeliveryCompleted.cs" line-rate="0.75" branch-rate="1" complexity="7">
          <methods>
            <method name="get_TruckId" signature="()" line-rate="1" branch-rate="1" complexity="1">
              <lines>
                <line number="6" hits="3" branch="false" />
              </lines>
            </method>
            <method name="get_PlantId" signature="()" line-rate="1" branch-rate="1" complexity="1">
              <lines>
                <line number="7" hits="3" branch="false" />
              </lines>
            </method>
            <method name="get_PlayerId" signature="()" line-rate="1" branch-rate="1" complexity="1">
              <lines>
                <line number="8" hits="9" branch="false" />
              </lines>
            </method>
            <method name="get_Timestamp" signature="()" line-rate="0" branch-rate="1" complexity="1">
              <lines>
                <line number="9" hits="0" branch="false" />
              </lines>
            </method>
            <method name="get_LoadByType" signature="()" line-rate="0" branch-rate="1" complexity="1">
              <lines>
                <line number="10" hits="0" branch="false" />
              </lines>
            </method>
            <method name="get_CreditsEarned" signature="()" line-rate="1" branch-rate="1" complexity="1">
              <lines>
                <line number="11" hits="7" branch="false" />
              </lines>
            </method>
            <method name=".ctor" signature="(System.Guid,System.Guid,System.Guid,System.DateTimeOffset,System.Collections.Generic.IDictionary`2&lt;System.String,System.Int32&gt;,System.Decimal)" line-rate="0.75" branch-rate="1" complexity="1">
              <lines>
                <line number="5" hits="3" branch="false" />
                <line number="6" hits="3" branch="false" />
                <line number="7" hits="3" branch="false" />
                <line number="8" hits="9" branch="false" />
                <line number="9" hits="0" branch="false" />
                <line number="10" hits="0" branch="false" />
                <line number="11" hits="7" branch="false" />
                <line number="12" hits="3" branch="false" />
              </lines>
            </method>
          </methods>
          <lines>
            <line number="5" hits="3" branch="false" />
            <line number="6" hits="3" branch="false" />
            <line number="7" hits="3" branch="false" />
            <line number="8" hits="9" branch="false" />
            <line number="9" hits="0" branch="false" />
            <line number="10" hits="0" branch="false" />
            <line number="11" hits="7" branch="false" />
            <line number="12" hits="3" branch="false" />
          </lines>
        </class>
        <class name="GameService.Models.Player" filename="/home/runner/work/bottle-tycoon-microservice/bottle-tycoon-microservice/src/GameService/Models/Player.cs" line-rate="1" branch-rate="1" complexity="5">
          <methods>
            <method name="get_Id" signature="()" line-rate="1" branch-rate="1" complexity="1">
              <lines>
                <line number="5" hits="219" branch="false" />
              </lines>
            </method>
            <method name="get_Name" signature="()" line-rate="1" branch-rate="1" complexity="1">
              <lines>
                <line number="6" hits="134" branch="false" />
              </lines>
            </method>
            <method name="get_Credits" signature="()" line-rate="1" branch-rate="1" complexity="1">
              <lines>
                <line number="7" hits="179" branch="false" />
              </lines>
            </method>
            <method name="get_CreatedAt" signature="()" line-rate="1" branch-rate="1" complexity="1">
              <lines>
                <line number="8" hits="151" branch="false" />
              </lines>
            </method>
            <method name="get_UpdatedAt" signature="()" line-rate="1" branch-rate="1" complexity="1">
              <lines>
                <line number="9" hits="159" branch="false" />
              </lines>
            </method>
          </methods>
          <lines>
            <line number="5" hits="219" branch="false" />
            <line number="6" hits="134" branch="false" />
            <line number="7" hits="179" branch="false" />
            <line number="8" hits="151" branch="false" />
            <line number="9" hits="159" branch="false" />
          </lines>
        </class>
        <class name="GameService.Models.Purchase" filename="/home/runner/work/bottle-tycoon-microservice/bottle-tycoon-microservice/src/GameService/Models/Purchase.cs" line-rate="0" branch-rate="1" complexity="6">
          <methods>
            <method name="get_Id" signature="()" line-rate="0" branch-rate="1" complexity="1">
              <lines>
                <line number="5" hits="0" branch="false" />
              </lines>
            </method>
            <method name="get_PlayerId" signature="()" line-rate="0" branch-rate="1" complexity="1">
              <lines>
                <line number="6" hits="0" branch="false" />
              </lines>
            </method>
            <method name="get_ItemType" signature="()" line-rate="0" branch-rate="1" complexity="1">
              <lines>
                <line number="7" hits="0" branch="false" />
              </lines>
            </method>
            <method name="get_Amount" signature="()" line-rate="0" branch-rate="1" complexity="1">
              <lines>
                <line number="8" hits="0" branch="false" />
              </lines>
            </method>
            <method name="get_PurchasedAt" signature="()" line-rate="0" branch-rate="1" complexity="1">
              <lines>
                <line number="9" hits="0" branch="false" />
              </lines>
            </method>
            <method name="get_Player" signature="()" line-rate="0" branch-rate="1" complexity="1">
              <lines>
                <line number="12" hits="0" branch="false" />
              </lines>
            </method>
          </methods>
          <lines>
            <line number="5" hits="0" branch="false" />
            <line number="6" hits="0" branch="false" />
            <line number="7" hits="0" branch="false" />
            <line number="8" hits="0" branch="false" />
            <line number="9" hits="0" branch="false" />
            <line number="12" hits="0" branch="false" />
          </lines>
        </class>
        <class name="GameService.Models.Upgrade" filename="/home/runner/work/bottle-tycoon-microservice/bottle-tycoon-microservice/src/GameService/Models/Upgrade.cs" line-rate="0" branch-rate="1" complexity="8">
          <methods>
            <method name="get_Id" signature="()" line-rate="0" branch-rate="1" complexity="1">
              <lines>
                <line number="5" hits="0" branch="false" />
              </lines>
            </method>
            <method name="get_PlayerId" signature="()" line-rate="0" branch-rate="1" complexity="1">
              <lines>
                <line number="6" hits="0" branch="false" />
              </lines>
            </method>
            <method name="get_ItemType" signature="()" line-rate="0" branch-rate="1" complexity="1">
              <lines>
                <line number="7" hits="0" branch="false" />
              </lines>
            </method>
            <method name="get_ItemId" signature="()" line-rate="0" branch-rate="1" complexity="1">
              <lines>
                <line number="8" hits="0" branch="false" />
              </lines>
            </method>
            <method name="get_NewLevel" signature="()" line-rate="0" branch-rate="1" complexity="1">
              <lines>
                <line number="9" hits="0" branch="false" />
              </lines>
            </method>
            <method name="get_Cost" signature="()" line-rate="0" branch-rate="1" complexity="1">
              <lines>
                <line number="10" hits="0" branch="false" />
              </lines>
            </method>
            <method name="get_UpgradedAt" signature="()" line-rate="0" branch-rate="1" complexity="1">
              <lines>
                <line number="11" hits="0" branch="false" />
              </lines>
            </method>
            <method name="get_Player" signature="()" line-rate="0" branch-rate="1" complexity="1">
              <lines>
                <line number="14" hits="0" branch="false" />
              </lines>
            </method>
          </methods>
          <lines>
            <line number="5" hits="0" branch="false" />
            <line number="6" hits="0" branch="false" />
            <line number="7" hits="0" branch="false" />
            <line number="8" hits="0" branch="false" />
            <line number="9" hits="0" branch="false" />
            <line number="10" hits="0" branch="false" />
            <line number="11" hits="0" branch="false" />
            <line number="14" hits="0" branch="false" />
          </lines>
        </class>
        <class name="GameService.Services.PlayerService" filename="/home/runner/work/bottle-tycoon-microservice/bottle-tycoon-microservice/src/GameService/Services/PlayerService.cs" line-rate="0.9411764705882353" branch-rate="0.8333333333333334" complexity="1">
          <methods>
            <method name=".ctor" signature="(GameService.Data.GameDbContext)" line-rate="1" branch-rate="1" complexity="1">
              <lines>
                <line number="11" hits="43" branch="false" />
                <line number="13" hits="43" branch="false" />
                <line number="14" hits="43" branch="false" />
              </lines>
            </method>
            <method name="CreatePlayerAsync" signature="()" line-rate="0.8181818181818182" branch-rate="0.6666666666666666" complexity="NaN">
              <lines>
                <line number="28" hits="17" branch="true" condition-coverage="100% (2/2)" />
                <line number="29" hits="17" branch="true" condition-coverage="50% (1/2)" />
                <line number="31" hits="0" branch="false" />
                <line number="34" hits="17" branch="false" />
                <line number="35" hits="17" branch="false" />
                <line number="36" hits="17" branch="true" condition-coverage="50% (1/2)" />
                <line number="38" hits="0" branch="false" />
                <line number="41" hits="17" branch="false" />
                <line number="42" hits="17" branch="false" />
                <line number="43" hits="17" branch="false" />
                <line number="44" hits="17" branch="false" />
              </lines>
            </method>
            <method name="CreditCreditsAsync" signature="()" line-rate="1" branch-rate="1" complexity="NaN">
              <lines>
                <line number="63" hits="5" branch="false" />
                <line number="64" hits="5" branch="true" condition-coverage="100% (2/2)" />
                <line number="66" hits="1" branch="false" />
                <line number="69" hits="4" branch="false" />
                <line number="70" hits="4" branch="false" />
                <line number="72" hits="4" branch="false" />
                <line number="73" hits="4" branch="false" />
                <line number="74" hits="5" branch="false" />
              </lines>
            </method>
            <method name="DebitCreditsAsync" signature="()" line-rate="1" branch-rate="1" complexity="NaN">
              <lines>
                <line number="48" hits="7" branch="false" />
                <line number="49" hits="7" branch="true" condition-coverage="100% (4/4)" />
                <line number="51" hits="3" branch="false" />
                <line number="54" hits="4" branch="false" />
                <line number="55" hits="4" branch="false" />
                <line number="57" hits="4" branch="false" />
                <line number="58" hits="4" branch="false" />
                <line number="59" hits="7" branch="false" />
              </lines>
            </method>
            <method name="GetAllPlayersAsync" signature="()" line-rate="1" branch-rate="1" complexity="NaN">
              <lines>
                <line number="23" hits="3" branch="false" />
                <line number="24" hits="3" branch="false" />
              </lines>
            </method>
            <method name="GetPlayerAsync" signature="()" line-rate="1" branch-rate="1" complexity="NaN">
              <lines>
                <line number="18" hits="8" branch="false" />
                <line number="19" hits="8" branch="false" />
              </lines>
            </method>
          </methods>
          <lines>
            <line number="11" hits="43" branch="false" />
            <line number="13" hits="43" branch="false" />
            <line number="14" hits="43" branch="false" />
            <line number="18" hits="8" branch="false" />
            <line number="19" hits="8" branch="false" />
            <line number="23" hits="3" branch="false" />
            <line number="24" hits="3" branch="false" />
            <line number="28" hits="17" branch="true" condition-coverage="100% (2/2)" />
            <line number="29" hits="17" branch="true" condition-coverage="50% (1/2)" />
            <line number="31" hits="0" branch="false" />
            <line number="34" hits="17" branch="false" />
            <line number="35" hits="17" branch="false" />
            <line number="36" hits="17" branch="true" condition-coverage="50% (1/2)" />
            <line number="38" hits="0" branch="false" />
            <line number="41" hits="17" branch="false" />
            <line number="42" hits="17" branch="false" />
            <line number="43" hits="17" branch="false" />
            <line number="44" hits="17" branch="false" />
            <line number="48" hits="7" branch="false" />
            <line number="49" hits="7" branch="true" condition-coverage="100% (4/4)" />
            <line number="51" hits="3" branch="false" />
            <line number="54" hits="4" branch="false" />
            <line number="55" hits="4" branch="false" />
            <line number="57" hits="4" branch="false" />
            <line number="58" hits="4" branch="false" />
            <line number="59" hits="7" branch="false" />
            <line number="63" hits="5" branch="false" />
            <line number="64" hits="5" branch="true" condition-coverage="100% (2/2)" />
            <line number="66" hits="1" branch="false" />
            <line number="69" hits="4" branch="false" />
            <line number="70" hits="4" branch="false" />
            <line number="72" hits="4" branch="false" />
            <line number="73" hits="4" branch="false" />
            <line number="74" hits="5" branch="false" />
          </lines>
        </class>
      </classes>
    </package>
    <package name="HeadquartersService" line-rate="0.7153284671532847" branch-rate="0.45" complexity="51">
      <classes>
        <class name="HeadquartersService.Endpoints.GetDispatchDetailEndpoint" filename="/home/runner/work/bottle-tycoon-microservice/bottle-tycoon-microservice/src/HeadquartersService/Endpoints/GetDispatchDetailEndpoint.cs" line-rate="0.375" branch-rate="0" complexity="6">
          <methods>
            <method name="Configure" signature="()" line-rate="1" branch-rate="1" complexity="1">
              <lines>
                <line number="17" hits="6" branch="false" />
                <line number="18" hits="6" branch="false" />
                <line number="19" hits="6" branch="false" />
              </lines>
            </method>
            <method name="HandleAsync" signature="(System.Threading.CancellationToken)" line-rate="0" branch-rate="0" complexity="4">
              <lines>
                <line number="23" hits="0" branch="false" />
                <line number="24" hits="0" branch="true" condition-coverage="0% (0/2)" />
                <line number="26" hits="0" branch="false" />
                <line number="27" hits="0" branch="false" />
                <line number="30" hits="0" branch="false" />
                <line number="31" hits="0" branch="true" condition-coverage="0% (0/2)" />
                <line number="33" hits="0" branch="false" />
                <line number="34" hits="0" branch="false" />
                <line number="37" hits="0" branch="false" />
                <line number="38" hits="0" branch="false" />
              </lines>
            </method>
            <method name=".ctor" signature="(HeadquartersService.Services.IDispatchQueue)" line-rate="1" branch-rate="1" complexity="1">
              <lines>
                <line number="10" hits="6" branch="false" />
                <line number="12" hits="6" branch="false" />
                <line number="13" hits="6" branch="false" />
              </lines>
            </method>
          </methods>
          <lines>
            <line number="10" hits="6" branch="false" />
            <line number="12" hits="6" branch="false" />
            <line number="13" hits="6" branch="false" />
            <line number="17" hits="6" branch="false" />
            <line number="18" hits="6" branch="false" />
            <line number="19" hits="6" branch="false" />
            <line number="23" hits="0" branch="false" />
            <line number="24" hits="0" branch="true" condition-coverage="0% (0/2)" />
            <line number="26" hits="0" branch="false" />
            <line number="27" hits="0" branch="false" />
            <line number="30" hits="0" branch="false" />
            <line number="31" hits="0" branch="true" condition-coverage="0% (0/2)" />
            <line number="33" hits="0" branch="false" />
            <line number="34" hits="0" branch="false" />
            <line number="37" hits="0" branch="false" />
            <line number="38" hits="0" branch="false" />
          </lines>
        </class>
        <class name="HeadquartersService.Endpoints.GetDispatchQueueEndpoint" filename="/home/runner/work/bottle-tycoon-microservice/bottle-tycoon-microservice/src/HeadquartersService/Endpoints/GetDispatchQueueEndpoint.cs" line-rate="1" branch-rate="1" complexity="3">
          <methods>
            <method name="Configure" signature="()" line-rate="1" branch-rate="1" complexity="1">
              <lines>
                <line number="17" hits="6" branch="false" />
                <line number="18" hits="6" branch="false" />
                <line number="19" hits="6" branch="false" />
              </lines>
            </method>
            <method name="HandleAsync" signature="(System.Threading.CancellationToken)" line-rate="1" branch-rate="1" complexity="1">
              <lines>
                <line number="23" hits="1" branch="false" />
                <line number="24" hits="1" branch="false" />
                <line number="25" hits="1" branch="false" />
              </lines>
            </method>
            <method name=".ctor" signature="(HeadquartersService.Services.IDispatchQueue)" line-rate="1" branch-rate="1" complexity="1">
              <lines>
                <line number="10" hits="7" branch="false" />
                <line number="12" hits="7" branch="false" />
                <line number="13" hits="7" branch="false" />
              </lines>
            </method>
          </methods>
          <lines>
            <line number="10" hits="7" branch="false" />
            <line number="12" hits="7" branch="false" />
            <line number="13" hits="7" branch="false" />
            <line number="17" hits="6" branch="false" />
            <line number="18" hits="6" branch="false" />
            <line number="19" hits="6" branch="false" />
            <line number="23" hits="1" branch="false" />
            <line number="24" hits="1" branch="false" />
            <line number="25" hits="1" branch="false" />
          </lines>
        </class>
        <class name="HeadquartersService.Endpoints.GetFleetStatusEndpoint" filename="/home/runner/work/bottle-tycoon-microservice/bottle-tycoon-microservice/src/HeadquartersService/Endpoints/GetFleetStatusEndpoint.cs" line-rate="1" branch-rate="1" complexity="3">
          <methods>
            <method name="Configure" signature="()" line-rate="1" branch-rate="1" complexity="1">
              <lines>
                <line number="17" hits="6" branch="false" />
                <line number="18" hits="6" branch="false" />
                <line number="19" hits="6" branch="false" />
              </lines>
            </method>
            <method name="HandleAsync" signature="(System.Threading.CancellationToken)" line-rate="1" branch-rate="1" complexity="1">
              <lines>
                <line number="23" hits="1" branch="false" />
                <line number="24" hits="1" branch="false" />
                <line number="25" hits="1" branch="false" />
              </lines>
            </method>
            <method name=".ctor" signature="(HeadquartersService.Services.IFleetService)" line-rate="1" branch-rate="1" complexity="1">
              <lines>
                <line number="10" hits="7" branch="false" />
                <line number="12" hits="7" branch="false" />
                <line number="13" hits="7" branch="false" />
              </lines>
            </method>
          </methods>
          <lines>
            <line number="10" hits="7" branch="false" />
            <line number="12" hits="7" branch="false" />
            <line number="13" hits="7" branch="false" />
            <line number="17" hits="6" branch="false" />
            <line number="18" hits="6" branch="false" />
            <line number="19" hits="6" branch="false" />
            <line number="23" hits="1" branch="false" />
            <line number="24" hits="1" branch="false" />
            <line number="25" hits="1" branch="false" />
          </lines>
        </class>
        <class name="HeadquartersService.Models.DispatchRequest" filename="/home/runner/work/bottle-tycoon-microservice/bottle-tycoon-microservice/src/HeadquartersService/Models/DispatchRequest.cs" line-rate="1" branch-rate="1" complexity="8">
          <methods>
            <method name="get_Id" signature="()" line-rate="1" branch-rate="1" complexity="1">
              <lines>
                <line number="14" hits="20" branch="false" />
              </lines>
            </method>
            <method name="get_RecyclerId" signature="()" line-rate="1" branch-rate="1" complexity="1">
              <lines>
                <line number="15" hits="6" branch="false" />
              </lines>
            </method>
            <method name="get_ExpectedBottles" signature="()" line-rate="1" branch-rate="1" complexity="1">
              <lines>
                <line number="16" hits="11" branch="false" />
              </lines>
            </method>
            <method name="get_FullnessPercentage" signature="()" line-rate="1" branch-rate="1" complexity="1">
              <lines>
                <line number="17" hits="15" branch="false" />
              </lines>
            </method>
            <method name="get_Priority" signature="()" line-rate="1" branch-rate="1" complexity="1">
              <lines>
                <line number="18" hits="18" branch="false" />
              </lines>
            </method>
            <method name="get_Status" signature="()" line-rate="1" branch-rate="1" complexity="1">
              <lines>
                <line number="19" hits="5" branch="false" />
              </lines>
            </method>
            <method name="get_AssignedTruckId" signature="()" line-rate="1" branch-rate="1" complexity="1">
              <lines>
                <line number="20" hits="6" branch="false" />
              </lines>
            </method>
            <method name="get_EnqueuedAtUtc" signature="()" line-rate="1" branch-rate="1" complexity="1">
              <lines>
                <line number="21" hits="25" branch="false" />
              </lines>
            </method>
          </methods>
          <lines>
            <line number="14" hits="20" branch="false" />
            <line number="15" hits="6" branch="false" />
            <line number="16" hits="11" branch="false" />
            <line number="17" hits="15" branch="false" />
            <line number="18" hits="18" branch="false" />
            <line number="19" hits="5" branch="false" />
            <line number="20" hits="6" branch="false" />
            <line number="21" hits="25" branch="false" />
          </lines>
        </class>
        <class name="HeadquartersService.Models.Truck" filename="/home/runner/work/bottle-tycoon-microservice/bottle-tycoon-microservice/src/HeadquartersService/Models/Truck.cs" line-rate="1" branch-rate="1" complexity="6">
          <methods>
            <method name="get_Id" signature="()" line-rate="1" branch-rate="1" complexity="1">
              <lines>
                <line number="13" hits="14" branch="false" />
              </lines>
            </method>
            <method name="get_Capacity" signature="()" line-rate="1" branch-rate="1" complexity="1">
              <lines>
                <line number="14" hits="16" branch="false" />
              </lines>
            </method>
            <method name="get_Status" signature="()" line-rate="1" branch-rate="1" complexity="1">
              <lines>
                <line number="15" hits="10" branch="false" />
              </lines>
            </method>
            <method name="get_CurrentLoad" signature="()" line-rate="1" branch-rate="1" complexity="1">
              <lines>
                <line number="16" hits="7" branch="false" />
              </lines>
            </method>
            <method name="get_Reliability" signature="()" line-rate="1" branch-rate="1" complexity="1">
              <lines>
                <line number="17" hits="18" branch="false" />
              </lines>
            </method>
            <method name="get_TotalDistance" signature="()" line-rate="1" branch-rate="1" complexity="1">
              <lines>
                <line number="18" hits="5" branch="false" />
              </lines>
            </method>
          </methods>
          <lines>
            <line number="13" hits="14" branch="false" />
            <line number="14" hits="16" branch="false" />
            <line number="15" hits="10" branch="false" />
            <line number="16" hits="7" branch="false" />
            <line number="17" hits="18" branch="false" />
            <line number="18" hits="5" branch="false" />
          </lines>
        </class>
[...]
            <line number="61" hits="0" branch="false" />
            <line number="64" hits="1" branch="false" />
            <line number="65" hits="1" branch="false" />
            <line number="66" hits="1" branch="false" />
            <line number="67" hits="1" branch="false" />
          </lines>
        </class>
        <class name="TruckService.Services.RandomLoadProvider" filename="/home/runner/work/bottle-tycoon-microservice/bottle-tycoon-microservice/src/TruckService/Services/RandomLoadProvider.cs" line-rate="0.5" branch-rate="1" complexity="2">
          <methods>
            <method name="GetLoadForRecycler" signature="(System.Guid)" line-rate="0" branch-rate="1" complexity="1">
              <lines>
                <line number="9" hits="0" branch="false" />
              </lines>
            </method>
            <method name=".ctor" signature="()" line-rate="1" branch-rate="1" complexity="1">
              <lines>
                <line number="5" hits="10" branch="false" />
              </lines>
            </method>
          </methods>
          <lines>
            <line number="5" hits="10" branch="false" />
            <line number="9" hits="0" branch="false" />
          </lines>
        </class>
        <class name="TruckService.Services.RouteWorker" filename="/home/runner/work/bottle-tycoon-microservice/bottle-tycoon-microservice/src/TruckService/Services/RouteWorker.cs" line-rate="0.9714285714285714" branch-rate="0.75" complexity="1">
          <methods>
            <method name=".ctor" signature="(TruckService.Data.TruckDbContext,Microsoft.Extensions.Logging.ILogger`1&lt;TruckService.Services.RouteWorker&gt;,MassTransit.IPublishEndpoint)" line-rate="1" branch-rate="1" complexity="1">
              <lines>
                <line number="14" hits="11" branch="false" />
                <line number="16" hits="11" branch="false" />
                <line number="17" hits="11" branch="false" />
                <line number="18" hits="11" branch="false" />
                <line number="19" hits="11" branch="false" />
              </lines>
            </method>
            <method name="RunOnceAsync" signature="()" line-rate="0.9666666666666667" branch-rate="0.75" complexity="NaN">
              <lines>
                <line number="25" hits="1" branch="false" />
                <line number="26" hits="1" branch="true" condition-coverage="50% (1/2)" />
                <line number="28" hits="0" branch="false" />
                <line number="32" hits="1" branch="false" />
                <line number="33" hits="1" branch="false" />
                <line number="35" hits="1" branch="false" />
                <line number="36" hits="1" branch="false" />
                <line number="39" hits="1" branch="false" />
                <line number="40" hits="1" branch="false" />
                <line number="41" hits="1" branch="false" />
                <line number="42" hits="1" branch="false" />
                <line number="43" hits="1" branch="false" />
                <line number="44" hits="1" branch="false" />
                <line number="45" hits="1" branch="false" />
                <line number="46" hits="1" branch="false" />
                <line number="47" hits="1" branch="false" />
                <line number="48" hits="1" branch="false" />
                <line number="49" hits="1" branch="false" />
                <line number="51" hits="1" branch="false" />
                <line number="52" hits="1" branch="false" />
                <line number="54" hits="1" branch="false" />
                <line number="55" hits="1" branch="false" />
                <line number="56" hits="1" branch="false" />
                <line number="59" hits="1" branch="false" />
                <line number="60" hits="1" branch="true" condition-coverage="100% (2/2)" />
                <line number="62" hits="1" branch="false" />
                <line number="63" hits="1" branch="false" />
                <line number="64" hits="1" branch="false" />
                <line number="67" hits="1" branch="false" />
                <line number="68" hits="1" branch="false" />
              </lines>
            </method>
          </methods>
          <lines>
            <line number="14" hits="11" branch="false" />
            <line number="16" hits="11" branch="false" />
            <line number="17" hits="11" branch="false" />
            <line number="18" hits="11" branch="false" />
            <line number="19" hits="11" branch="false" />
            <line number="25" hits="1" branch="false" />
            <line number="26" hits="1" branch="true" condition-coverage="50% (1/2)" />
            <line number="28" hits="0" branch="false" />
            <line number="32" hits="1" branch="false" />
            <line number="33" hits="1" branch="false" />
            <line number="35" hits="1" branch="false" />
            <line number="36" hits="1" branch="false" />
            <line number="39" hits="1" branch="false" />
            <line number="40" hits="1" branch="false" />
            <line number="41" hits="1" branch="false" />
            <line number="42" hits="1" branch="false" />
            <line number="43" hits="1" branch="false" />
            <line number="44" hits="1" branch="false" />
            <line number="45" hits="1" branch="false" />
            <line number="46" hits="1" branch="false" />
            <line number="47" hits="1" branch="false" />
            <line number="48" hits="1" branch="false" />
            <line number="49" hits="1" branch="false" />
            <line number="51" hits="1" branch="false" />
            <line number="52" hits="1" branch="false" />
            <line number="54" hits="1" branch="false" />
            <line number="55" hits="1" branch="false" />
            <line number="56" hits="1" branch="false" />
            <line number="59" hits="1" branch="false" />
            <line number="60" hits="1" branch="true" condition-coverage="100% (2/2)" />
            <line number="62" hits="1" branch="false" />
            <line number="63" hits="1" branch="false" />
            <line number="64" hits="1" branch="false" />
            <line number="67" hits="1" branch="false" />
            <line number="68" hits="1" branch="false" />
          </lines>
        </class>
        <class name="TruckService.Services.TruckManager" filename="/home/runner/work/bottle-tycoon-microservice/bottle-tycoon-microservice/src/TruckService/Services/TruckManager.cs" line-rate="0.6703296703296703" branch-rate="0.5" complexity="5">
          <methods>
            <method name="CalculateCurrentLoadUnits" signature="(System.Int32,System.Int32,System.Int32)" line-rate="1" branch-rate="1" complexity="1">
              <lines>
                <line number="143" hits="1" branch="false" />
              </lines>
            </method>
            <method name="CalculateMaxCapacityUnits" signature="(System.Int32,System.Int32)" line-rate="1" branch-rate="1" complexity="1">
              <lines>
                <line number="148" hits="1" branch="false" />
              </lines>
            </method>
            <method name="CalculateGrossEarnings" signature="(System.Int32,System.Int32,System.Int32)" line-rate="1" branch-rate="1" complexity="1">
              <lines>
                <line number="153" hits="1" branch="false" />
              </lines>
            </method>
            <method name="CalculateCostPerKm" signature="(System.Int32)" line-rate="1" branch-rate="1" complexity="1">
              <lines>
                <line number="158" hits="1" branch="false" />
              </lines>
            </method>
            <method name=".ctor" signature="(TruckService.Services.ITruckRepository,TruckService.Data.TruckDbContext,TruckService.Services.ILoadProvider,Microsoft.Extensions.Logging.ILogger`1&lt;TruckService.Services.TruckManager&gt;)" line-rate="1" branch-rate="1" complexity="1">
              <lines>
                <line number="15" hits="13" branch="false" />
                <line number="17" hits="13" branch="false" />
                <line number="18" hits="13" branch="false" />
                <line number="19" hits="13" branch="false" />
                <line number="20" hits="13" branch="false" />
                <line number="21" hits="13" branch="false" />
              </lines>
            </method>
            <method name="DispatchAsync" signature="()" line-rate="0.9459459459459459" branch-rate="0.6666666666666666" complexity="NaN">
              <lines>
                <line number="47" hits="1" branch="false" />
                <line number="48" hits="1" branch="true" condition-coverage="50% (1/2)" />
                <line number="50" hits="0" branch="false" />
                <line number="53" hits="1" branch="false" />
                <line number="55" hits="1" branch="false" />
                <line number="57" hits="1" branch="false" />
                <line number="58" hits="1" branch="false" />
                <line number="59" hits="1" branch="true" condition-coverage="100% (2/2)" />
                <line number="61" hits="1" branch="false" />
                <line number="63" hits="1" branch="false" />
                <line number="64" hits="1" branch="false" />
                <line number="65" hits="1" branch="false" />
                <line number="66" hits="1" branch="false" />
                <line number="70" hits="1" branch="false" />
                <line number="71" hits="1" branch="false" />
                <line number="72" hits="1" branch="false" />
                <line number="73" hits="1" branch="false" />
                <line number="76" hits="1" branch="false" />
                <line number="77" hits="1" branch="false" />
                <line number="78" hits="1" branch="false" />
                <line number="79" hits="1" branch="false" />
                <line number="80" hits="1" branch="false" />
                <line number="81" hits="1" branch="false" />
                <line number="82" hits="1" branch="false" />
                <line number="83" hits="1" branch="false" />
                <line number="84" hits="1" branch="false" />
                <line number="85" hits="1" branch="false" />
                <line number="86" hits="1" branch="false" />
                <line number="87" hits="1" branch="false" />
                <line number="89" hits="1" branch="false" />
                <line number="91" hits="1" branch="false" />
                <line number="92" hits="1" branch="true" condition-coverage="50% (1/2)" />
                <line number="94" hits="0" branch="false" />
                <line number="97" hits="1" branch="false" />
                <line number="99" hits="1" branch="false" />
                <line number="100" hits="1" branch="false" />
                <line number="101" hits="1" branch="false" />
              </lines>
            </method>
            <method name="GetEarningsAsync" signature="()" line-rate="0" branch-rate="1" complexity="NaN">
              <lines>
                <line number="137" hits="0" branch="false" />
                <line number="138" hits="0" branch="false" />
                <line number="139" hits="0" branch="false" />
              </lines>
            </method>
            <method name="GetFleetSummaryAsync" signature="()" line-rate="1" branch-rate="0" complexity="NaN">
              <lines>
                <line number="105" hits="1" branch="false" />
                <line number="106" hits="1" branch="true" condition-coverage="0% (0/2)" />
                <line number="107" hits="1" branch="false" />
                <line number="108" hits="1" branch="false" />
                <line number="109" hits="1" branch="false" />
                <line number="110" hits="1" branch="false" />
                <line number="111" hits="1" branch="false" />
                <line number="112" hits="1" branch="false" />
                <line number="113" hits="1" branch="false" />
                <line number="114" hits="1" branch="false" />
                <line number="115" hits="1" branch="false" />
                <line number="116" hits="1" branch="false" />
                <line number="117" hits="1" branch="false" />
              </lines>
            </method>
            <method name="GetHistoryAsync" signature="()" line-rate="0" branch-rate="1" complexity="NaN">
              <lines>
                <line number="121" hits="0" branch="false" />
                <line number="122" hits="0" branch="false" />
                <line number="123" hits="0" branch="false" />
                <line number="124" hits="0" branch="false" />
                <line number="125" hits="0" branch="false" />
                <line number="126" hits="0" branch="false" />
                <line number="127" hits="0" branch="false" />
                <line number="128" hits="0" branch="false" />
                <line number="129" hits="0" branch="false" />
                <line number="130" hits="0" branch="false" />
                <line number="131" hits="0" branch="false" />
                <line number="132" hits="0" branch="false" />
                <line number="133" hits="0" branch="false" />
              </lines>
            </method>
            <method name="GetStatusAsync" signature="()" line-rate="0.2" branch-rate="0.5" complexity="NaN">
              <lines>
                <line number="25" hits="1" branch="false" />
                <line number="26" hits="1" branch="true" condition-coverage="50% (1/2)" />
                <line number="28" hits="1" branch="false" />
                <line number="32" hits="0" branch="false" />
                <line number="33" hits="0" branch="false" />
                <line number="34" hits="0" branch="false" />
                <line number="35" hits="0" branch="false" />
                <line number="36" hits="0" branch="false" />
                <line number="37" hits="0" branch="false" />
                <line number="38" hits="0" branch="false" />
                <line number="39" hits="0" branch="false" />
                <line number="40" hits="0" branch="false" />
                <line number="41" hits="0" branch="false" />
                <line number="42" hits="0" branch="false" />
                <line number="43" hits="0" branch="false" />
              </lines>
            </method>
          </methods>
          <lines>
            <line number="15" hits="13" branch="false" />
            <line number="17" hits="13" branch="false" />
            <line number="18" hits="13" branch="false" />
            <line number="19" hits="13" branch="false" />
            <line number="20" hits="13" branch="false" />
            <line number="21" hits="13" branch="false" />
            <line number="25" hits="1" branch="false" />
            <line number="26" hits="1" branch="true" condition-coverage="50% (1/2)" />
            <line number="28" hits="1" branch="false" />
            <line number="32" hits="0" branch="false" />
            <line number="33" hits="0" branch="false" />
            <line number="34" hits="0" branch="false" />
            <line number="35" hits="0" branch="false" />
            <line number="36" hits="0" branch="false" />
            <line number="37" hits="0" branch="false" />
            <line number="38" hits="0" branch="false" />
            <line number="39" hits="0" branch="false" />
            <line number="40" hits="0" branch="false" />
            <line number="41" hits="0" branch="false" />
            <line number="42" hits="0" branch="false" />
            <line number="43" hits="0" branch="false" />
            <line number="47" hits="1" branch="false" />
            <line number="48" hits="1" branch="true" condition-coverage="50% (1/2)" />
            <line number="50" hits="0" branch="false" />
            <line number="53" hits="1" branch="false" />
            <line number="55" hits="1" branch="false" />
            <line number="57" hits="1" branch="false" />
            <line number="58" hits="1" branch="false" />
            <line number="59" hits="1" branch="true" condition-coverage="100% (2/2)" />
            <line number="61" hits="1" branch="false" />
            <line number="63" hits="1" branch="false" />
            <line number="64" hits="1" branch="false" />
            <line number="65" hits="1" branch="false" />
            <line number="66" hits="1" branch="false" />
            <line number="70" hits="1" branch="false" />
            <line number="71" hits="1" branch="false" />
            <line number="72" hits="1" branch="false" />
            <line number="73" hits="1" branch="false" />
            <line number="76" hits="1" branch="false" />
            <line number="77" hits="1" branch="false" />
            <line number="78" hits="1" branch="false" />
            <line number="79" hits="1" branch="false" />
            <line number="80" hits="1" branch="false" />
            <line number="81" hits="1" branch="false" />
            <line number="82" hits="1" branch="false" />
            <line number="83" hits="1" branch="false" />
            <line number="84" hits="1" branch="false" />
            <line number="85" hits="1" branch="false" />
            <line number="86" hits="1" branch="false" />
            <line number="87" hits="1" branch="false" />
            <line number="89" hits="1" branch="false" />
            <line number="91" hits="1" branch="false" />
            <line number="92" hits="1" branch="true" condition-coverage="50% (1/2)" />
            <line number="94" hits="0" branch="false" />
            <line number="97" hits="1" branch="false" />
            <line number="99" hits="1" branch="false" />
            <line number="100" hits="1" branch="false" />
            <line number="101" hits="1" branch="false" />
            <line number="105" hits="1" branch="false" />
            <line number="106" hits="1" branch="true" condition-coverage="0% (0/2)" />
            <line number="107" hits="1" branch="false" />
            <line number="108" hits="1" branch="false" />
            <line number="109" hits="1" branch="false" />
            <line number="110" hits="1" branch="false" />
            <line number="111" hits="1" branch="false" />
            <line number="112" hits="1" branch="false" />
            <line number="113" hits="1" branch="false" />
            <line number="114" hits="1" branch="false" />
            <line number="115" hits="1" branch="false" />
            <line number="116" hits="1" branch="false" />
            <line number="117" hits="1" branch="false" />
            <line number="121" hits="0" branch="false" />
            <line number="122" hits="0" branch="false" />
            <line number="123" hits="0" branch="false" />
            <line number="124" hits="0" branch="false" />
            <line number="125" hits="0" branch="false" />
            <line number="126" hits="0" branch="false" />
            <line number="127" hits="0" branch="false" />
            <line number="128" hits="0" branch="false" />
            <line number="129" hits="0" branch="false" />
            <line number="130" hits="0" branch="false" />
            <line number="131" hits="0" branch="false" />
            <line number="132" hits="0" branch="false" />
            <line number="133" hits="0" branch="false" />
            <line number="137" hits="0" branch="false" />
            <line number="138" hits="0" branch="false" />
            <line number="139" hits="0" branch="false" />
            <line number="143" hits="1" branch="false" />
            <line number="148" hits="1" branch="false" />
            <line number="153" hits="1" branch="false" />
            <line number="158" hits="1" branch="false" />
          </lines>
        </class>
      </classes>
    </package>
  </packages>
</coverage>